Build started 3/16/2014 11:33:17 AM.
     1>Project "C:\Users\fallaha\Desktop\Compsci\Computer Science programs\Lab6Fallah\Lab6Fallah\Lab6Fallah.vcxproj" on node 2 (Build target(s)).
     1>ClCompile:
         C:\Program Files (x86)\Microsoft Visual Studio 11.0\VC\bin\CL.exe /c /ZI /nologo /W3 /WX- /sdl /Od /Oy- /D WIN32 /D _DEBUG /D _CONSOLE /D _UNICODE /D UNICODE /Gm /EHsc /RTC1 /MDd /GS /fp:precise /Zc:wchar_t /Zc:forScope /Fo"Debug\\" /Fd"Debug\vc110.pdb" /Gd /TP /analyze- /errorReport:prompt Complex.cpp Main.cpp
         Main.cpp
         Complex.cpp
     1>c:\users\fallaha\desktop\compsci\computer science programs\lab6fallah\lab6fallah\complex.cpp(100): error C2065: 'total' : undeclared identifier
     1>c:\users\fallaha\desktop\compsci\computer science programs\lab6fallah\lab6fallah\complex.cpp(132): fatal error C1075: end of file found before the left brace '{' at 'c:\users\fallaha\desktop\compsci\computer science programs\lab6fallah\lab6fallah\complex.cpp(104)' was matched
         Generating Code...
     1>Done Building Project "C:\Users\fallaha\Desktop\Compsci\Computer Science programs\Lab6Fallah\Lab6Fallah\Lab6Fallah.vcxproj" (Build target(s)) -- FAILED.

Build FAILED.

Time Elapsed 00:00:05.30
